<?xml version="1.0" encoding="UTF-8"?>
<testsuite name="pruebas.UsuarioTest" tests="1" skipped="0" failures="0" errors="0" timestamp="2020-10-03T03:02:30" hostname="DESKTOP-CP2DUT9" time="0.006">
  <properties/>
  <testcase name="crearUsuario" classname="pruebas.UsuarioTest" time="0.006"/>
  <system-out><![CDATA[]]></system-out>
  <system-err><![CDATA[]]></system-err>
</testsuite>
