<?xml version="1.0" encoding="UTF-8"?>
<testsuite name="pruebas2.UsuarioTest" tests="4" skipped="0" failures="0" errors="0" timestamp="2020-10-02T18:29:44" hostname="DESKTOP-GPCEIPN" time="0.023">
  <properties/>
  <testcase name="modificarnombreUsuario" classname="pruebas2.UsuarioTest" time="0.017"/>
  <testcase name="modificaremailUsuario" classname="pruebas2.UsuarioTest" time="0.002"/>
  <testcase name="modificarclaveUsuario" classname="pruebas2.UsuarioTest" time="0.001"/>
  <testcase name="crearUsuario" classname="pruebas2.UsuarioTest" time="0.002"/>
  <system-out><![CDATA[]]></system-out>
  <system-err><![CDATA[]]></system-err>
</testsuite>
